Arguments: 
  C:\Program Files\nodejs\node.exe C:\Users\hiyub\AppData\Roaming\npm\node_modules\yarn\bin\yarn.js add @react-native-vector-icons

PATH: 
  C:\Users\hiyub\miniconda3\envs\mmmil;C:\Users\hiyub\miniconda3\envs\mmmil\Library\mingw-w64\bin;C:\Users\hiyub\miniconda3\envs\mmmil\Library\usr\bin;C:\Users\hiyub\miniconda3\envs\mmmil\Library\bin;C:\Users\hiyub\miniconda3\envs\mmmil\Scripts;C:\Users\hiyub\miniconda3\envs\mmmil\bin;C:\Users\hiyub\miniconda3\condabin;C:\Program Files\Common Files\Oracle\Java\javapath;C:\Program Files\Java\jdk1.8.0_351\bin;C:\Program Files\nodejs;C:\Users\hiyub\AppData\Roaming\npm;C:\Users\hiyub\AppData\Local\Android\Sdk\platform-tools;C:\ProgramData\chocolatey\bin;C:\Program Files\Java\jdk1.8.0_211\bin;C:\Program Files\Git\cmd;C:\WINDOWS\system32;C:\Users\hiyub\AppData\Local\Microsoft\WindowsApps;C:\Users\hiyub\AppData\Local\Programs\Microsoft VS Code\bin;C:\Program Files\Bandizip;C:\Users\hiyub\AppData\Roaming\npm;C:\Program Files\Java\jdk1.8.0_351\bin;C:\Users\hiyub\AppData\Local\Android\Sdk\platform-tools;.

Yarn version: 
  1.22.19

Node version: 
  19.2.0

Platform: 
  win32 x64

Trace: 
  Error: https://registry.yarnpkg.com/@react-native-vector-icons: Request "https://registry.yarnpkg.com/@react-native-vector-icons" returned a 405
      at params.callback [as _callback] (C:\Users\hiyub\AppData\Roaming\npm\node_modules\yarn\lib\cli.js:66154:18)
      at self.callback (C:\Users\hiyub\AppData\Roaming\npm\node_modules\yarn\lib\cli.js:140890:22)
      at Request.emit (node:events:513:28)
      at Request.<anonymous> (C:\Users\hiyub\AppData\Roaming\npm\node_modules\yarn\lib\cli.js:141862:10)
      at Request.emit (node:events:513:28)
      at IncomingMessage.<anonymous> (C:\Users\hiyub\AppData\Roaming\npm\node_modules\yarn\lib\cli.js:141784:12)
      at Object.onceWrapper (node:events:627:28)
      at IncomingMessage.emit (node:events:525:35)
      at endReadableNT (node:internal/streams/readable:1359:12)
      at process.processTicksAndRejections (node:internal/process/task_queues:82:21)

npm manifest: 
  {
    "name": "egg_mobile",
    "version": "1.0.0",
    "main": "node_modules/expo/AppEntry.js",
    "scripts": {
      "start": "expo start",
      "android": "expo start --android",
      "ios": "expo start --ios",
      "web": "expo start --web"
    },
    "dependencies": {
      "@expo/webpack-config": "^0.17.2",
      "@react-navigation/bottom-tabs": "^6.5.1",
      "@react-navigation/native": "^6.1.0",
      "@react-navigation/native-stack": "^6.9.5",
      "axios": "^1.2.1",
      "expo": "~47.0.8",
      "expo-status-bar": "~1.4.2",
      "native-base": "^3.4.25",
      "react": "18.1.0",
      "react-dom": "18.1.0",
      "react-native": "0.70.5",
      "react-native-bouncy-checkbox": "^3.0.6",
      "react-native-chart-kit": "^6.12.0",
      "react-native-safe-area-context": "4.4.1",
      "react-native-svg": "13.4.0",
      "react-native-vector-icons": "^9.2.0",
      "react-native-web": "~0.18.9"
    },
    "devDependencies": {
      "@babel/core": "^7.12.9"
    },
    "private": true
  }

yarn manifest: 
  No manifest

Lockfile: 
  No lockfile
